{"/Users/avery/test2/src/agents/outreach.ts": {"path":"/Users/avery/test2/src/agents/outreach.ts","statementMap":{"0":{"start":{"line":12,"column":18},"end":{"line":12,"column":null}},"1":{"start":{"line":14,"column":4},"end":{"line":17,"column":null}},"2":{"start":{"line":15,"column":8},"end":{"line":15,"column":null}},"3":{"start":{"line":16,"column":8},"end":{"line":16,"column":null}},"4":{"start":{"line":19,"column":4},"end":{"line":19,"column":null}},"5":{"start":{"line":20,"column":4},"end":{"line":20,"column":null}},"6":{"start":{"line":21,"column":4},"end":{"line":21,"column":null}},"7":{"start":{"line":22,"column":4},"end":{"line":22,"column":null}},"8":{"start":{"line":23,"column":4},"end":{"line":23,"column":null}},"9":{"start":{"line":25,"column":4},"end":{"line":28,"column":null}},"10":{"start":{"line":26,"column":40},"end":{"line":26,"column":null}},"11":{"start":{"line":27,"column":8},"end":{"line":27,"column":null}},"12":{"start":{"line":30,"column":25},"end":{"line":30,"column":null}},"13":{"start":{"line":31,"column":30},"end":{"line":31,"column":null}},"14":{"start":{"line":31,"column":69},"end":{"line":31,"column":78}},"15":{"start":{"line":34,"column":24},"end":{"line":42,"column":null}},"16":{"start":{"line":44,"column":4},"end":{"line":118,"column":null}},"17":{"start":{"line":45,"column":8},"end":{"line":117,"column":null}},"18":{"start":{"line":46,"column":12},"end":{"line":46,"column":null}},"19":{"start":{"line":48,"column":34},"end":{"line":48,"column":null}},"20":{"start":{"line":49,"column":30},"end":{"line":49,"column":null}},"21":{"start":{"line":51,"column":35},"end":{"line":60,"column":null}},"22":{"start":{"line":80,"column":26},"end":{"line":80,"column":null}},"23":{"start":{"line":82,"column":12},"end":{"line":82,"column":null}},"24":{"start":{"line":84,"column":32},"end":{"line":93,"column":null}},"25":{"start":{"line":96,"column":12},"end":{"line":110,"column":null}},"26":{"start":{"line":97,"column":16},"end":{"line":100,"column":null}},"27":{"start":{"line":103,"column":16},"end":{"line":109,"column":null}},"28":{"start":{"line":112,"column":12},"end":{"line":112,"column":null}},"29":{"start":{"line":115,"column":12},"end":{"line":115,"column":null}},"30":{"start":{"line":116,"column":12},"end":{"line":116,"column":null}},"31":{"start":{"line":120,"column":4},"end":{"line":123,"column":null}},"32":{"start":{"line":121,"column":40},"end":{"line":121,"column":null}},"33":{"start":{"line":122,"column":8},"end":{"line":122,"column":null}},"34":{"start":{"line":125,"column":4},"end":{"line":128,"column":null}}},"fnMap":{"0":{"name":"closerNode","decl":{"start":{"line":11,"column":22},"end":{"line":11,"column":33}},"loc":{"start":{"line":11,"column":77},"end":{"line":129,"column":null}},"line":11},"1":{"name":"(anonymous_1)","decl":{"start":{"line":31,"column":64},"end":{"line":31,"column":69}},"loc":{"start":{"line":31,"column":69},"end":{"line":31,"column":78}},"line":31}},"branchMap":{"0":{"loc":{"start":{"line":12,"column":18},"end":{"line":12,"column":null}},"type":"binary-expr","locations":[{"start":{"line":12,"column":18},"end":{"line":12,"column":33}},{"start":{"line":12,"column":33},"end":{"line":12,"column":null}}],"line":12},"1":{"loc":{"start":{"line":14,"column":4},"end":{"line":17,"column":null}},"type":"if","locations":[{"start":{"line":14,"column":4},"end":{"line":17,"column":null}},{"start":{},"end":{}}],"line":14},"2":{"loc":{"start":{"line":25,"column":4},"end":{"line":28,"column":null}},"type":"if","locations":[{"start":{"line":25,"column":4},"end":{"line":28,"column":null}},{"start":{},"end":{}}],"line":25},"3":{"loc":{"start":{"line":31,"column":30},"end":{"line":31,"column":null}},"type":"binary-expr","locations":[{"start":{"line":31,"column":30},"end":{"line":31,"column":94}},{"start":{"line":31,"column":94},"end":{"line":31,"column":null}}],"line":31},"4":{"loc":{"start":{"line":46,"column":53},"end":{"line":46,"column":78}},"type":"binary-expr","locations":[{"start":{"line":46,"column":53},"end":{"line":46,"column":66}},{"start":{"line":46,"column":66},"end":{"line":46,"column":78}}],"line":46},"5":{"loc":{"start":{"line":48,"column":34},"end":{"line":48,"column":null}},"type":"binary-expr","locations":[{"start":{"line":48,"column":34},"end":{"line":48,"column":58}},{"start":{"line":48,"column":58},"end":{"line":48,"column":null}}],"line":48},"6":{"loc":{"start":{"line":49,"column":30},"end":{"line":49,"column":null}},"type":"binary-expr","locations":[{"start":{"line":49,"column":30},"end":{"line":49,"column":56}},{"start":{"line":49,"column":56},"end":{"line":49,"column":null}}],"line":49},"7":{"loc":{"start":{"line":57,"column":10},"end":{"line":57,"column":39}},"type":"binary-expr","locations":[{"start":{"line":57,"column":10},"end":{"line":57,"column":23}},{"start":{"line":57,"column":23},"end":{"line":57,"column":39}}],"line":57},"8":{"loc":{"start":{"line":58,"column":10},"end":{"line":58,"column":35}},"type":"binary-expr","locations":[{"start":{"line":58,"column":10},"end":{"line":58,"column":23}},{"start":{"line":58,"column":23},"end":{"line":58,"column":35}}],"line":58},"9":{"loc":{"start":{"line":88,"column":24},"end":{"line":88,"column":null}},"type":"binary-expr","locations":[{"start":{"line":88,"column":24},"end":{"line":88,"column":40}},{"start":{"line":88,"column":40},"end":{"line":88,"column":null}}],"line":88},"10":{"loc":{"start":{"line":96,"column":12},"end":{"line":110,"column":null}},"type":"if","locations":[{"start":{"line":96,"column":12},"end":{"line":110,"column":null}},{"start":{},"end":{}}],"line":96},"11":{"loc":{"start":{"line":120,"column":4},"end":{"line":123,"column":null}},"type":"if","locations":[{"start":{"line":120,"column":4},"end":{"line":123,"column":null}},{"start":{},"end":{}}],"line":120}},"s":{"0":2,"1":2,"2":1,"3":1,"4":1,"5":1,"6":1,"7":1,"8":1,"9":1,"10":0,"11":0,"12":1,"13":1,"14":1,"15":2,"16":2,"17":1,"18":1,"19":1,"20":1,"21":1,"22":1,"23":1,"24":1,"25":1,"26":1,"27":1,"28":1,"29":0,"30":0,"31":1,"32":0,"33":0,"34":1},"f":{"0":2,"1":1},"b":{"0":[2,0],"1":[1,1],"2":[0,1],"3":[1,0],"4":[1,0],"5":[1,0],"6":[1,0],"7":[1,0],"8":[1,0],"9":[1,1],"10":[1,0],"11":[0,1]},"meta":{"lastBranch":12,"lastFunction":2,"lastStatement":35,"seen":{"f:11:22:11:33":0,"s:12:18:12:Infinity":0,"b:12:18:12:33:12:33:12:Infinity":0,"b:14:4:17:Infinity:undefined:undefined:undefined:undefined":1,"s:14:4:17:Infinity":1,"s:15:8:15:Infinity":2,"s:16:8:16:Infinity":3,"s:19:4:19:Infinity":4,"s:20:4:20:Infinity":5,"s:21:4:21:Infinity":6,"s:22:4:22:Infinity":7,"s:23:4:23:Infinity":8,"b:25:4:28:Infinity:undefined:undefined:undefined:undefined":2,"s:25:4:28:Infinity":9,"s:26:40:26:Infinity":10,"s:27:8:27:Infinity":11,"s:30:25:30:Infinity":12,"s:31:30:31:Infinity":13,"b:31:30:31:94:31:94:31:Infinity":3,"f:31:64:31:69":1,"s:31:69:31:78":14,"s:34:24:42:Infinity":15,"s:44:4:118:Infinity":16,"s:45:8:117:Infinity":17,"s:46:12:46:Infinity":18,"b:46:53:46:66:46:66:46:78":4,"s:48:34:48:Infinity":19,"b:48:34:48:58:48:58:48:Infinity":5,"s:49:30:49:Infinity":20,"b:49:30:49:56:49:56:49:Infinity":6,"s:51:35:60:Infinity":21,"b:57:10:57:23:57:23:57:39":7,"b:58:10:58:23:58:23:58:35":8,"s:80:26:80:Infinity":22,"s:82:12:82:Infinity":23,"s:84:32:93:Infinity":24,"b:88:24:88:40:88:40:88:Infinity":9,"b:96:12:110:Infinity:undefined:undefined:undefined:undefined":10,"s:96:12:110:Infinity":25,"s:97:16:100:Infinity":26,"s:103:16:109:Infinity":27,"s:112:12:112:Infinity":28,"s:115:12:115:Infinity":29,"s:116:12:116:Infinity":30,"b:120:4:123:Infinity:undefined:undefined:undefined:undefined":11,"s:120:4:123:Infinity":31,"s:121:40:121:Infinity":32,"s:122:8:122:Infinity":33,"s:125:4:128:Infinity":34}}}
,"/Users/avery/test2/src/agents/prospecting.ts": {"path":"/Users/avery/test2/src/agents/prospecting.ts","statementMap":{"0":{"start":{"line":14,"column":4},"end":{"line":14,"column":null}},"1":{"start":{"line":16,"column":24},"end":{"line":16,"column":null}},"2":{"start":{"line":17,"column":24},"end":{"line":19,"column":null}},"3":{"start":{"line":24,"column":4},"end":{"line":40,"column":null}},"4":{"start":{"line":25,"column":27},"end":{"line":25,"column":null}},"5":{"start":{"line":26,"column":30},"end":{"line":26,"column":null}},"6":{"start":{"line":28,"column":27},"end":{"line":32,"column":null}},"7":{"start":{"line":34,"column":8},"end":{"line":37,"column":null}},"8":{"start":{"line":39,"column":8},"end":{"line":39,"column":null}},"9":{"start":{"line":48,"column":23},"end":{"line":48,"column":null}},"10":{"start":{"line":49,"column":26},"end":{"line":49,"column":null}},"11":{"start":{"line":51,"column":29},"end":{"line":55,"column":null}},"12":{"start":{"line":57,"column":26},"end":{"line":66,"column":null}},"13":{"start":{"line":59,"column":12},"end":{"line":64,"column":null}},"14":{"start":{"line":60,"column":31},"end":{"line":60,"column":null}},"15":{"start":{"line":61,"column":16},"end":{"line":61,"column":null}},"16":{"start":{"line":63,"column":16},"end":{"line":63,"column":null}},"17":{"start":{"line":67,"column":21},"end":{"line":67,"column":null}},"18":{"start":{"line":69,"column":29},"end":{"line":73,"column":null}},"19":{"start":{"line":77,"column":23},"end":{"line":90,"column":null}},"20":{"start":{"line":92,"column":18},"end":{"line":92,"column":null}},"21":{"start":{"line":93,"column":23},"end":{"line":93,"column":null}},"22":{"start":{"line":95,"column":30},"end":{"line":95,"column":null}},"23":{"start":{"line":96,"column":4},"end":{"line":96,"column":null}},"24":{"start":{"line":96,"column":20},"end":{"line":96,"column":null}},"25":{"start":{"line":98,"column":4},"end":{"line":115,"column":null}},"26":{"start":{"line":99,"column":8},"end":{"line":99,"column":null}},"27":{"start":{"line":99,"column":53},"end":{"line":99,"column":null}},"28":{"start":{"line":100,"column":25},"end":{"line":109,"column":null}},"29":{"start":{"line":111,"column":8},"end":{"line":114,"column":null}},"30":{"start":{"line":112,"column":12},"end":{"line":112,"column":null}},"31":{"start":{"line":113,"column":12},"end":{"line":113,"column":null}},"32":{"start":{"line":113,"column":18},"end":{"line":113,"column":71}},"33":{"start":{"line":117,"column":4},"end":{"line":120,"column":null}}},"fnMap":{"0":{"name":"prospectingPlanNode","decl":{"start":{"line":13,"column":22},"end":{"line":13,"column":42}},"loc":{"start":{"line":13,"column":86},"end":{"line":41,"column":null}},"line":13},"1":{"name":"prospectingExecuteNode","decl":{"start":{"line":47,"column":22},"end":{"line":47,"column":45}},"loc":{"start":{"line":47,"column":89},"end":{"line":121,"column":null}},"line":47},"2":{"name":"(anonymous_2)","decl":{"start":{"line":58,"column":29},"end":{"line":58,"column":36}},"loc":{"start":{"line":58,"column":42},"end":{"line":65,"column":9}},"line":58}},"branchMap":{"0":{"loc":{"start":{"line":16,"column":24},"end":{"line":16,"column":null}},"type":"binary-expr","locations":[{"start":{"line":16,"column":24},"end":{"line":16,"column":58}},{"start":{"line":16,"column":58},"end":{"line":16,"column":null}}],"line":16},"1":{"loc":{"start":{"line":25,"column":27},"end":{"line":25,"column":null}},"type":"binary-expr","locations":[{"start":{"line":25,"column":27},"end":{"line":25,"column":74}},{"start":{"line":25,"column":74},"end":{"line":25,"column":null}}],"line":25},"2":{"loc":{"start":{"line":48,"column":23},"end":{"line":48,"column":null}},"type":"binary-expr","locations":[{"start":{"line":48,"column":23},"end":{"line":48,"column":41}},{"start":{"line":48,"column":41},"end":{"line":48,"column":null}}],"line":48},"3":{"loc":{"start":{"line":96,"column":4},"end":{"line":96,"column":null}},"type":"if","locations":[{"start":{"line":96,"column":4},"end":{"line":96,"column":null}},{"start":{},"end":{}}],"line":96},"4":{"loc":{"start":{"line":99,"column":8},"end":{"line":99,"column":null}},"type":"if","locations":[{"start":{"line":99,"column":8},"end":{"line":99,"column":null}},{"start":{},"end":{}}],"line":99},"5":{"loc":{"start":{"line":99,"column":12},"end":{"line":99,"column":53}},"type":"binary-expr","locations":[{"start":{"line":99,"column":12},"end":{"line":99,"column":26}},{"start":{"line":99,"column":26},"end":{"line":99,"column":53}}],"line":99},"6":{"loc":{"start":{"line":111,"column":8},"end":{"line":114,"column":null}},"type":"if","locations":[{"start":{"line":111,"column":8},"end":{"line":114,"column":null}},{"start":{},"end":{}}],"line":111}},"s":{"0":2,"1":2,"2":2,"3":2,"4":2,"5":2,"6":2,"7":2,"8":0,"9":2,"10":2,"11":2,"12":2,"13":6,"14":6,"15":6,"16":0,"17":2,"18":2,"19":2,"20":2,"21":2,"22":2,"23":2,"24":1,"25":1,"26":1,"27":0,"28":1,"29":1,"30":1,"31":1,"32":1,"33":1},"f":{"0":2,"1":2,"2":6},"b":{"0":[2,1],"1":[2,0],"2":[2,0],"3":[1,1],"4":[0,1],"5":[1,1],"6":[1,0]},"meta":{"lastBranch":7,"lastFunction":3,"lastStatement":34,"seen":{"f:13:22:13:42":0,"s:14:4:14:Infinity":0,"s:16:24:16:Infinity":1,"b:16:24:16:58:16:58:16:Infinity":0,"s:17:24:19:Infinity":2,"s:24:4:40:Infinity":3,"s:25:27:25:Infinity":4,"b:25:27:25:74:25:74:25:Infinity":1,"s:26:30:26:Infinity":5,"s:28:27:32:Infinity":6,"s:34:8:37:Infinity":7,"s:39:8:39:Infinity":8,"f:47:22:47:45":1,"s:48:23:48:Infinity":9,"b:48:23:48:41:48:41:48:Infinity":2,"s:49:26:49:Infinity":10,"s:51:29:55:Infinity":11,"s:57:26:66:Infinity":12,"f:58:29:58:36":2,"s:59:12:64:Infinity":13,"s:60:31:60:Infinity":14,"s:61:16:61:Infinity":15,"s:63:16:63:Infinity":16,"s:67:21:67:Infinity":17,"s:69:29:73:Infinity":18,"s:77:23:90:Infinity":19,"s:92:18:92:Infinity":20,"s:93:23:93:Infinity":21,"s:95:30:95:Infinity":22,"b:96:4:96:Infinity:undefined:undefined:undefined:undefined":3,"s:96:4:96:Infinity":23,"s:96:20:96:Infinity":24,"s:98:4:115:Infinity":25,"b:99:8:99:Infinity:undefined:undefined:undefined:undefined":4,"s:99:8:99:Infinity":26,"b:99:12:99:26:99:26:99:53":5,"s:99:53:99:Infinity":27,"s:100:25:109:Infinity":28,"b:111:8:114:Infinity:undefined:undefined:undefined:undefined":6,"s:111:8:114:Infinity":29,"s:112:12:112:Infinity":30,"s:113:12:113:Infinity":31,"s:113:18:113:71":32,"s:117:4:120:Infinity":33}}}
,"/Users/avery/test2/src/agents/strategist.ts": {"path":"/Users/avery/test2/src/agents/strategist.ts","statementMap":{"0":{"start":{"line":13,"column":4},"end":{"line":13,"column":null}},"1":{"start":{"line":15,"column":10},"end":{"line":15,"column":null}},"2":{"start":{"line":22,"column":19},"end":{"line":22,"column":null}},"3":{"start":{"line":38,"column":19},"end":{"line":38,"column":null}},"4":{"start":{"line":39,"column":21},"end":{"line":39,"column":null}},"5":{"start":{"line":40,"column":20},"end":{"line":40,"column":null}},"6":{"start":{"line":43,"column":22},"end":{"line":43,"column":null}},"7":{"start":{"line":45,"column":67},"end":{"line":45,"column":null}},"8":{"start":{"line":46,"column":4},"end":{"line":52,"column":null}},"9":{"start":{"line":47,"column":23},"end":{"line":47,"column":null}},"10":{"start":{"line":48,"column":8},"end":{"line":48,"column":null}},"11":{"start":{"line":50,"column":8},"end":{"line":50,"column":null}},"12":{"start":{"line":51,"column":8},"end":{"line":51,"column":null}},"13":{"start":{"line":54,"column":4},"end":{"line":54,"column":null}},"14":{"start":{"line":56,"column":33},"end":{"line":56,"column":null}},"15":{"start":{"line":58,"column":4},"end":{"line":85,"column":null}},"16":{"start":{"line":60,"column":29},"end":{"line":60,"column":null}},"17":{"start":{"line":63,"column":8},"end":{"line":66,"column":null}},"18":{"start":{"line":64,"column":12},"end":{"line":64,"column":null}},"19":{"start":{"line":65,"column":12},"end":{"line":65,"column":null}},"20":{"start":{"line":68,"column":32},"end":{"line":72,"column":null}},"21":{"start":{"line":75,"column":8},"end":{"line":81,"column":null}},"22":{"start":{"line":76,"column":12},"end":{"line":76,"column":null}},"23":{"start":{"line":77,"column":12},"end":{"line":77,"column":null}},"24":{"start":{"line":78,"column":12},"end":{"line":78,"column":null}},"25":{"start":{"line":80,"column":12},"end":{"line":80,"column":null}},"26":{"start":{"line":84,"column":8},"end":{"line":84,"column":null}},"27":{"start":{"line":84,"column":37},"end":{"line":84,"column":62}},"28":{"start":{"line":88,"column":4},"end":{"line":95,"column":null}},"29":{"start":{"line":89,"column":103},"end":{"line":89,"column":109}}},"fnMap":{"0":{"name":"strategistNode","decl":{"start":{"line":12,"column":22},"end":{"line":12,"column":37}},"loc":{"start":{"line":12,"column":86},"end":{"line":96,"column":null}},"line":12},"1":{"name":"(anonymous_1)","decl":{"start":{"line":84,"column":26},"end":{"line":84,"column":37}},"loc":{"start":{"line":84,"column":37},"end":{"line":84,"column":62}},"line":84},"2":{"name":"(anonymous_2)","decl":{"start":{"line":89,"column":98},"end":{"line":89,"column":103}},"loc":{"start":{"line":89,"column":103},"end":{"line":89,"column":109}},"line":89}},"branchMap":{"0":{"loc":{"start":{"line":40,"column":20},"end":{"line":40,"column":null}},"type":"binary-expr","locations":[{"start":{"line":40,"column":20},"end":{"line":40,"column":75}},{"start":{"line":40,"column":75},"end":{"line":40,"column":null}}],"line":40},"1":{"loc":{"start":{"line":48,"column":26},"end":{"line":48,"column":null}},"type":"binary-expr","locations":[{"start":{"line":48,"column":26},"end":{"line":48,"column":43}},{"start":{"line":48,"column":43},"end":{"line":48,"column":null}}],"line":48},"2":{"loc":{"start":{"line":63,"column":8},"end":{"line":66,"column":null}},"type":"if","locations":[{"start":{"line":63,"column":8},"end":{"line":66,"column":null}},{"start":{},"end":{}}],"line":63},"3":{"loc":{"start":{"line":94,"column":15},"end":{"line":94,"column":null}},"type":"cond-expr","locations":[{"start":{"line":94,"column":40},"end":{"line":94,"column":62}},{"start":{"line":94,"column":62},"end":{"line":94,"column":null}}],"line":94}},"s":{"0":2,"1":2,"2":2,"3":2,"4":2,"5":2,"6":2,"7":2,"8":2,"9":2,"10":2,"11":1,"12":1,"13":1,"14":1,"15":1,"16":2,"17":2,"18":0,"19":0,"20":2,"21":2,"22":2,"23":2,"24":2,"25":0,"26":2,"27":2,"28":1,"29":2},"f":{"0":2,"1":2,"2":2},"b":{"0":[2,0],"1":[2,0],"2":[0,2],"3":[1,0]},"meta":{"lastBranch":4,"lastFunction":3,"lastStatement":30,"seen":{"f:12:22:12:37":0,"s:13:4:13:Infinity":0,"s:15:10:15:Infinity":1,"s:22:19:22:Infinity":2,"s:38:19:38:Infinity":3,"s:39:21:39:Infinity":4,"s:40:20:40:Infinity":5,"b:40:20:40:75:40:75:40:Infinity":0,"s:43:22:43:Infinity":6,"s:45:67:45:Infinity":7,"s:46:4:52:Infinity":8,"s:47:23:47:Infinity":9,"s:48:8:48:Infinity":10,"b:48:26:48:43:48:43:48:Infinity":1,"s:50:8:50:Infinity":11,"s:51:8:51:Infinity":12,"s:54:4:54:Infinity":13,"s:56:33:56:Infinity":14,"s:58:4:85:Infinity":15,"s:60:29:60:Infinity":16,"b:63:8:66:Infinity:undefined:undefined:undefined:undefined":2,"s:63:8:66:Infinity":17,"s:64:12:64:Infinity":18,"s:65:12:65:Infinity":19,"s:68:32:72:Infinity":20,"s:75:8:81:Infinity":21,"s:76:12:76:Infinity":22,"s:77:12:77:Infinity":23,"s:78:12:78:Infinity":24,"s:80:12:80:Infinity":25,"s:84:8:84:Infinity":26,"f:84:26:84:37":1,"s:84:37:84:62":27,"s:88:4:95:Infinity":28,"f:89:98:89:103":2,"s:89:103:89:109":29,"b:94:40:94:62:94:62:94:Infinity":3}}}
,"/Users/avery/test2/src/agents/vision-agent.ts": {"path":"/Users/avery/test2/src/agents/vision-agent.ts","statementMap":{"0":{"start":{"line":13,"column":18},"end":{"line":13,"column":null}},"1":{"start":{"line":15,"column":4},"end":{"line":18,"column":null}},"2":{"start":{"line":16,"column":8},"end":{"line":16,"column":null}},"3":{"start":{"line":17,"column":8},"end":{"line":17,"column":null}},"4":{"start":{"line":20,"column":4},"end":{"line":20,"column":null}},"5":{"start":{"line":21,"column":4},"end":{"line":21,"column":null}},"6":{"start":{"line":22,"column":4},"end":{"line":22,"column":null}},"7":{"start":{"line":23,"column":4},"end":{"line":23,"column":null}},"8":{"start":{"line":24,"column":4},"end":{"line":24,"column":null}},"9":{"start":{"line":26,"column":4},"end":{"line":29,"column":null}},"10":{"start":{"line":27,"column":40},"end":{"line":27,"column":null}},"11":{"start":{"line":28,"column":8},"end":{"line":28,"column":null}},"12":{"start":{"line":31,"column":25},"end":{"line":31,"column":null}},"13":{"start":{"line":35,"column":27},"end":{"line":35,"column":null}},"14":{"start":{"line":37,"column":4},"end":{"line":84,"column":null}},"15":{"start":{"line":38,"column":20},"end":{"line":38,"column":null}},"16":{"start":{"line":40,"column":8},"end":{"line":44,"column":null}},"17":{"start":{"line":41,"column":12},"end":{"line":41,"column":null}},"18":{"start":{"line":42,"column":12},"end":{"line":42,"column":null}},"19":{"start":{"line":43,"column":12},"end":{"line":43,"column":null}},"20":{"start":{"line":46,"column":8},"end":{"line":83,"column":null}},"21":{"start":{"line":47,"column":12},"end":{"line":47,"column":null}},"22":{"start":{"line":50,"column":31},"end":{"line":50,"column":null}},"23":{"start":{"line":53,"column":29},"end":{"line":53,"column":null}},"24":{"start":{"line":55,"column":12},"end":{"line":55,"column":null}},"25":{"start":{"line":57,"column":32},"end":{"line":67,"column":null}},"26":{"start":{"line":70,"column":12},"end":{"line":76,"column":null}},"27":{"start":{"line":71,"column":16},"end":{"line":75,"column":null}},"28":{"start":{"line":78,"column":12},"end":{"line":78,"column":null}},"29":{"start":{"line":81,"column":12},"end":{"line":81,"column":null}},"30":{"start":{"line":82,"column":12},"end":{"line":82,"column":null}},"31":{"start":{"line":87,"column":23},"end":{"line":87,"column":null}},"32":{"start":{"line":89,"column":4},"end":{"line":92,"column":null}}},"fnMap":{"0":{"name":"visionNode","decl":{"start":{"line":12,"column":22},"end":{"line":12,"column":33}},"loc":{"start":{"line":12,"column":77},"end":{"line":93,"column":null}},"line":12}},"branchMap":{"0":{"loc":{"start":{"line":13,"column":18},"end":{"line":13,"column":null}},"type":"binary-expr","locations":[{"start":{"line":13,"column":18},"end":{"line":13,"column":33}},{"start":{"line":13,"column":33},"end":{"line":13,"column":null}}],"line":13},"1":{"loc":{"start":{"line":15,"column":4},"end":{"line":18,"column":null}},"type":"if","locations":[{"start":{"line":15,"column":4},"end":{"line":18,"column":null}},{"start":{},"end":{}}],"line":15},"2":{"loc":{"start":{"line":26,"column":4},"end":{"line":29,"column":null}},"type":"if","locations":[{"start":{"line":26,"column":4},"end":{"line":29,"column":null}},{"start":{},"end":{}}],"line":26},"3":{"loc":{"start":{"line":38,"column":20},"end":{"line":38,"column":null}},"type":"binary-expr","locations":[{"start":{"line":38,"column":20},"end":{"line":38,"column":32}},{"start":{"line":38,"column":32},"end":{"line":38,"column":null}}],"line":38},"4":{"loc":{"start":{"line":40,"column":8},"end":{"line":44,"column":null}},"type":"if","locations":[{"start":{"line":40,"column":8},"end":{"line":44,"column":null}},{"start":{},"end":{}}],"line":40},"5":{"loc":{"start":{"line":40,"column":12},"end":{"line":40,"column":45}},"type":"binary-expr","locations":[{"start":{"line":40,"column":12},"end":{"line":40,"column":20}},{"start":{"line":40,"column":20},"end":{"line":40,"column":45}}],"line":40},"6":{"loc":{"start":{"line":62,"column":24},"end":{"line":62,"column":null}},"type":"binary-expr","locations":[{"start":{"line":62,"column":24},"end":{"line":62,"column":40}},{"start":{"line":62,"column":40},"end":{"line":62,"column":null}}],"line":62},"7":{"loc":{"start":{"line":70,"column":12},"end":{"line":76,"column":null}},"type":"if","locations":[{"start":{"line":70,"column":12},"end":{"line":76,"column":null}},{"start":{},"end":{}}],"line":70}},"s":{"0":3,"1":3,"2":1,"3":1,"4":2,"5":2,"6":2,"7":2,"8":2,"9":2,"10":0,"11":0,"12":2,"13":2,"14":2,"15":2,"16":2,"17":1,"18":1,"19":1,"20":1,"21":1,"22":1,"23":1,"24":1,"25":1,"26":2,"27":1,"28":1,"29":0,"30":0,"31":2,"32":2},"f":{"0":3},"b":{"0":[3,0],"1":[1,2],"2":[0,2],"3":[2,1],"4":[1,1],"5":[2,1],"6":[1,1],"7":[1,1]},"meta":{"lastBranch":8,"lastFunction":1,"lastStatement":33,"seen":{"f:12:22:12:33":0,"s:13:18:13:Infinity":0,"b:13:18:13:33:13:33:13:Infinity":0,"b:15:4:18:Infinity:undefined:undefined:undefined:undefined":1,"s:15:4:18:Infinity":1,"s:16:8:16:Infinity":2,"s:17:8:17:Infinity":3,"s:20:4:20:Infinity":4,"s:21:4:21:Infinity":5,"s:22:4:22:Infinity":6,"s:23:4:23:Infinity":7,"s:24:4:24:Infinity":8,"b:26:4:29:Infinity:undefined:undefined:undefined:undefined":2,"s:26:4:29:Infinity":9,"s:27:40:27:Infinity":10,"s:28:8:28:Infinity":11,"s:31:25:31:Infinity":12,"s:35:27:35:Infinity":13,"s:37:4:84:Infinity":14,"s:38:20:38:Infinity":15,"b:38:20:38:32:38:32:38:Infinity":3,"b:40:8:44:Infinity:undefined:undefined:undefined:undefined":4,"s:40:8:44:Infinity":16,"b:40:12:40:20:40:20:40:45":5,"s:41:12:41:Infinity":17,"s:42:12:42:Infinity":18,"s:43:12:43:Infinity":19,"s:46:8:83:Infinity":20,"s:47:12:47:Infinity":21,"s:50:31:50:Infinity":22,"s:53:29:53:Infinity":23,"s:55:12:55:Infinity":24,"s:57:32:67:Infinity":25,"b:62:24:62:40:62:40:62:Infinity":6,"b:70:12:76:Infinity:undefined:undefined:undefined:undefined":7,"s:70:12:76:Infinity":26,"s:71:16:75:Infinity":27,"s:78:12:78:Infinity":28,"s:81:12:81:Infinity":29,"s:82:12:82:Infinity":30,"s:87:23:87:Infinity":31,"s:89:4:92:Infinity":32}}}
,"/Users/avery/test2/src/processors/lead-processor.ts": {"path":"/Users/avery/test2/src/processors/lead-processor.ts","statementMap":{"0":{"start":{"line":9,"column":0},"end":{"line":9,"column":null}},"1":{"start":{"line":12,"column":17},"end":{"line":12,"column":null}},"2":{"start":{"line":18,"column":18},"end":{"line":21,"column":null}},"3":{"start":{"line":23,"column":4},"end":{"line":23,"column":null}},"4":{"start":{"line":26,"column":45},"end":{"line":30,"column":null}},"5":{"start":{"line":32,"column":4},"end":{"line":36,"column":null}},"6":{"start":{"line":33,"column":8},"end":{"line":33,"column":null}},"7":{"start":{"line":34,"column":8},"end":{"line":34,"column":null}},"8":{"start":{"line":35,"column":8},"end":{"line":35,"column":null}},"9":{"start":{"line":38,"column":22},"end":{"line":38,"column":null}},"10":{"start":{"line":39,"column":23},"end":{"line":39,"column":null}},"11":{"start":{"line":41,"column":4},"end":{"line":153,"column":null}},"12":{"start":{"line":43,"column":35},"end":{"line":47,"column":null}},"13":{"start":{"line":48,"column":28},"end":{"line":48,"column":null}},"14":{"start":{"line":51,"column":37},"end":{"line":51,"column":null}},"15":{"start":{"line":53,"column":8},"end":{"line":85,"column":null}},"16":{"start":{"line":54,"column":30},"end":{"line":54,"column":null}},"17":{"start":{"line":56,"column":12},"end":{"line":84,"column":null}},"18":{"start":{"line":57,"column":35},"end":{"line":57,"column":null}},"19":{"start":{"line":58,"column":16},"end":{"line":83,"column":null}},"20":{"start":{"line":59,"column":40},"end":{"line":59,"column":null}},"21":{"start":{"line":62,"column":37},"end":{"line":62,"column":null}},"22":{"start":{"line":64,"column":20},"end":{"line":68,"column":null}},"23":{"start":{"line":71,"column":20},"end":{"line":76,"column":null}},"24":{"start":{"line":72,"column":24},"end":{"line":72,"column":null}},"25":{"start":{"line":73,"column":24},"end":{"line":73,"column":null}},"26":{"start":{"line":75,"column":24},"end":{"line":75,"column":null}},"27":{"start":{"line":78,"column":20},"end":{"line":78,"column":null}},"28":{"start":{"line":79,"column":20},"end":{"line":79,"column":null}},"29":{"start":{"line":81,"column":20},"end":{"line":81,"column":null}},"30":{"start":{"line":82,"column":20},"end":{"line":82,"column":null}},"31":{"start":{"line":88,"column":29},"end":{"line":88,"column":null}},"32":{"start":{"line":91,"column":37},"end":{"line":91,"column":null}},"33":{"start":{"line":92,"column":31},"end":{"line":97,"column":null}},"34":{"start":{"line":99,"column":26},"end":{"line":99,"column":null}},"35":{"start":{"line":100,"column":31},"end":{"line":100,"column":null}},"36":{"start":{"line":101,"column":22},"end":{"line":101,"column":null}},"37":{"start":{"line":102,"column":8},"end":{"line":102,"column":null}},"38":{"start":{"line":105,"column":8},"end":{"line":115,"column":null}},"39":{"start":{"line":118,"column":8},"end":{"line":124,"column":null}},"40":{"start":{"line":127,"column":8},"end":{"line":135,"column":null}},"41":{"start":{"line":128,"column":28},"end":{"line":131,"column":null}},"42":{"start":{"line":134,"column":12},"end":{"line":134,"column":null}},"43":{"start":{"line":137,"column":8},"end":{"line":137,"column":null}},"44":{"start":{"line":138,"column":8},"end":{"line":138,"column":null}},"45":{"start":{"line":141,"column":8},"end":{"line":141,"column":null}},"46":{"start":{"line":142,"column":8},"end":{"line":142,"column":null}},"47":{"start":{"line":143,"column":8},"end":{"line":145,"column":null}},"48":{"start":{"line":144,"column":12},"end":{"line":144,"column":null}},"49":{"start":{"line":147,"column":8},"end":{"line":152,"column":null}},"50":{"start":{"line":148,"column":12},"end":{"line":148,"column":null}},"51":{"start":{"line":150,"column":12},"end":{"line":150,"column":null}}},"fnMap":{"0":{"name":"processSingleLead","decl":{"start":{"line":17,"column":22},"end":{"line":17,"column":40}},"loc":{"start":{"line":17,"column":79},"end":{"line":154,"column":null}},"line":17}},"branchMap":{"0":{"loc":{"start":{"line":32,"column":4},"end":{"line":36,"column":null}},"type":"if","locations":[{"start":{"line":32,"column":4},"end":{"line":36,"column":null}},{"start":{},"end":{}}],"line":32},"1":{"loc":{"start":{"line":32,"column":8},"end":{"line":32,"column":28}},"type":"binary-expr","locations":[{"start":{"line":32,"column":8},"end":{"line":32,"column":21}},{"start":{"line":32,"column":21},"end":{"line":32,"column":28}}],"line":32},"2":{"loc":{"start":{"line":38,"column":22},"end":{"line":38,"column":null}},"type":"binary-expr","locations":[{"start":{"line":38,"column":22},"end":{"line":38,"column":43}},{"start":{"line":38,"column":43},"end":{"line":38,"column":null}}],"line":38},"3":{"loc":{"start":{"line":39,"column":23},"end":{"line":39,"column":null}},"type":"binary-expr","locations":[{"start":{"line":39,"column":23},"end":{"line":39,"column":51}},{"start":{"line":39,"column":51},"end":{"line":39,"column":null}}],"line":39},"4":{"loc":{"start":{"line":53,"column":8},"end":{"line":85,"column":null}},"type":"if","locations":[{"start":{"line":53,"column":8},"end":{"line":85,"column":null}},{"start":{},"end":{}}],"line":53},"5":{"loc":{"start":{"line":53,"column":12},"end":{"line":53,"column":87}},"type":"binary-expr","locations":[{"start":{"line":53,"column":12},"end":{"line":53,"column":34}},{"start":{"line":53,"column":34},"end":{"line":53,"column":72}},{"start":{"line":53,"column":72},"end":{"line":53,"column":87}}],"line":53},"6":{"loc":{"start":{"line":54,"column":30},"end":{"line":54,"column":null}},"type":"binary-expr","locations":[{"start":{"line":54,"column":30},"end":{"line":54,"column":43}},{"start":{"line":54,"column":43},"end":{"line":54,"column":null}}],"line":54},"7":{"loc":{"start":{"line":54,"column":43},"end":{"line":54,"column":null}},"type":"cond-expr","locations":[{"start":{"line":54,"column":73},"end":{"line":54,"column":101}},{"start":{"line":54,"column":101},"end":{"line":54,"column":null}}],"line":54},"8":{"loc":{"start":{"line":56,"column":12},"end":{"line":84,"column":null}},"type":"if","locations":[{"start":{"line":56,"column":12},"end":{"line":84,"column":null}},{"start":{},"end":{}}],"line":56},"9":{"loc":{"start":{"line":81,"column":87},"end":{"line":81,"column":135}},"type":"cond-expr","locations":[{"start":{"line":81,"column":108},"end":{"line":81,"column":120}},{"start":{"line":81,"column":120},"end":{"line":81,"column":135}}],"line":81},"10":{"loc":{"start":{"line":82,"column":54},"end":{"line":82,"column":103}},"type":"cond-expr","locations":[{"start":{"line":82,"column":75},"end":{"line":82,"column":87}},{"start":{"line":82,"column":87},"end":{"line":82,"column":103}}],"line":82},"11":{"loc":{"start":{"line":127,"column":8},"end":{"line":135,"column":null}},"type":"if","locations":[{"start":{"line":127,"column":8},"end":{"line":135,"column":null}},{"start":{},"end":{}}],"line":127},"12":{"loc":{"start":{"line":131,"column":2},"end":{"line":131,"column":78}},"type":"cond-expr","locations":[{"start":{"line":131,"column":18},"end":{"line":131,"column":76}},{"start":{"line":131,"column":76},"end":{"line":131,"column":78}}],"line":131},"13":{"loc":{"start":{"line":142,"column":40},"end":{"line":142,"column":103}},"type":"cond-expr","locations":[{"start":{"line":142,"column":65},"end":{"line":142,"column":81}},{"start":{"line":142,"column":81},"end":{"line":142,"column":103}}],"line":142},"14":{"loc":{"start":{"line":143,"column":8},"end":{"line":145,"column":null}},"type":"if","locations":[{"start":{"line":143,"column":8},"end":{"line":145,"column":null}},{"start":{},"end":{}}],"line":143}},"s":{"0":1,"1":1,"2":4,"3":4,"4":4,"5":4,"6":1,"7":1,"8":1,"9":3,"10":4,"11":4,"12":4,"13":4,"14":4,"15":3,"16":0,"17":0,"18":0,"19":0,"20":0,"21":0,"22":0,"23":0,"24":0,"25":0,"26":0,"27":0,"28":0,"29":0,"30":0,"31":3,"32":3,"33":3,"34":3,"35":3,"36":3,"37":3,"38":3,"39":0,"40":0,"41":0,"42":0,"43":0,"44":0,"45":3,"46":3,"47":3,"48":1,"49":3,"50":3,"51":0},"f":{"0":4},"b":{"0":[1,3],"1":[4,3],"2":[3,0],"3":[4,3],"4":[0,3],"5":[3,0,0],"6":[0,0],"7":[0,0],"8":[0,0],"9":[0,0],"10":[0,0],"11":[0,0],"12":[0,0],"13":[3,0],"14":[1,2]},"meta":{"lastBranch":15,"lastFunction":1,"lastStatement":52,"seen":{"s:9:0:9:Infinity":0,"s:12:17:12:Infinity":1,"f:17:22:17:40":0,"s:18:18:21:Infinity":2,"s:23:4:23:Infinity":3,"s:26:45:30:Infinity":4,"b:32:4:36:Infinity:undefined:undefined:undefined:undefined":0,"s:32:4:36:Infinity":5,"b:32:8:32:21:32:21:32:28":1,"s:33:8:33:Infinity":6,"s:34:8:34:Infinity":7,"s:35:8:35:Infinity":8,"s:38:22:38:Infinity":9,"b:38:22:38:43:38:43:38:Infinity":2,"s:39:23:39:Infinity":10,"b:39:23:39:51:39:51:39:Infinity":3,"s:41:4:153:Infinity":11,"s:43:35:47:Infinity":12,"s:48:28:48:Infinity":13,"s:51:37:51:Infinity":14,"b:53:8:85:Infinity:undefined:undefined:undefined:undefined":4,"s:53:8:85:Infinity":15,"b:53:12:53:34:53:34:53:72:53:72:53:87":5,"s:54:30:54:Infinity":16,"b:54:30:54:43:54:43:54:Infinity":6,"b:54:73:54:101:54:101:54:Infinity":7,"b:56:12:84:Infinity:undefined:undefined:undefined:undefined":8,"s:56:12:84:Infinity":17,"s:57:35:57:Infinity":18,"s:58:16:83:Infinity":19,"s:59:40:59:Infinity":20,"s:62:37:62:Infinity":21,"s:64:20:68:Infinity":22,"s:71:20:76:Infinity":23,"s:72:24:72:Infinity":24,"s:73:24:73:Infinity":25,"s:75:24:75:Infinity":26,"s:78:20:78:Infinity":27,"s:79:20:79:Infinity":28,"s:81:20:81:Infinity":29,"b:81:108:81:120:81:120:81:135":9,"s:82:20:82:Infinity":30,"b:82:75:82:87:82:87:82:103":10,"s:88:29:88:Infinity":31,"s:91:37:91:Infinity":32,"s:92:31:97:Infinity":33,"s:99:26:99:Infinity":34,"s:100:31:100:Infinity":35,"s:101:22:101:Infinity":36,"s:102:8:102:Infinity":37,"s:105:8:115:Infinity":38,"s:118:8:124:Infinity":39,"b:127:8:135:Infinity:undefined:undefined:undefined:undefined":11,"s:127:8:135:Infinity":40,"s:128:28:131:Infinity":41,"b:131:18:131:76:131:76:131:78":12,"s:134:12:134:Infinity":42,"s:137:8:137:Infinity":43,"s:138:8:138:Infinity":44,"s:141:8:141:Infinity":45,"s:142:8:142:Infinity":46,"b:142:65:142:81:142:81:142:103":13,"b:143:8:145:Infinity:undefined:undefined:undefined:undefined":14,"s:143:8:145:Infinity":47,"s:144:12:144:Infinity":48,"s:147:8:152:Infinity":49,"s:148:12:148:Infinity":50,"s:150:12:150:Infinity":51}}}
,"/Users/avery/test2/src/tools/discord.ts": {"path":"/Users/avery/test2/src/tools/discord.ts","statementMap":{"0":{"start":{"line":8,"column":18},"end":{"line":8,"column":null}},"1":{"start":{"line":10,"column":4},"end":{"line":13,"column":null}},"2":{"start":{"line":11,"column":8},"end":{"line":11,"column":null}},"3":{"start":{"line":12,"column":8},"end":{"line":12,"column":null}},"4":{"start":{"line":15,"column":16},"end":{"line":15,"column":null}},"5":{"start":{"line":17,"column":4},"end":{"line":34,"column":null}},"6":{"start":{"line":18,"column":25},"end":{"line":27,"column":null}},"7":{"start":{"line":29,"column":8},"end":{"line":31,"column":null}},"8":{"start":{"line":30,"column":12},"end":{"line":30,"column":null}},"9":{"start":{"line":33,"column":8},"end":{"line":33,"column":null}},"10":{"start":{"line":38,"column":4},"end":{"line":43,"column":null}},"11":{"start":{"line":39,"column":23},"end":{"line":39,"column":null}},"12":{"start":{"line":40,"column":8},"end":{"line":40,"column":null}},"13":{"start":{"line":42,"column":8},"end":{"line":42,"column":null}}},"fnMap":{"0":{"name":"sendDiscordFollowup","decl":{"start":{"line":7,"column":22},"end":{"line":7,"column":42}},"loc":{"start":{"line":7,"column":90},"end":{"line":35,"column":null}},"line":7},"1":{"name":"extractAppIdFromToken","decl":{"start":{"line":37,"column":9},"end":{"line":37,"column":31}},"loc":{"start":{"line":37,"column":54},"end":{"line":44,"column":null}},"line":37}},"branchMap":{"0":{"loc":{"start":{"line":8,"column":18},"end":{"line":8,"column":null}},"type":"binary-expr","locations":[{"start":{"line":8,"column":18},"end":{"line":8,"column":56}},{"start":{"line":8,"column":56},"end":{"line":8,"column":null}}],"line":8},"1":{"loc":{"start":{"line":8,"column":78},"end":{"line":8,"column":113}},"type":"binary-expr","locations":[{"start":{"line":8,"column":78},"end":{"line":8,"column":111}},{"start":{"line":8,"column":111},"end":{"line":8,"column":113}}],"line":8},"2":{"loc":{"start":{"line":10,"column":4},"end":{"line":13,"column":null}},"type":"if","locations":[{"start":{"line":10,"column":4},"end":{"line":13,"column":null}},{"start":{},"end":{}}],"line":10},"3":{"loc":{"start":{"line":10,"column":8},"end":{"line":10,"column":26}},"type":"binary-expr","locations":[{"start":{"line":10,"column":8},"end":{"line":10,"column":18}},{"start":{"line":10,"column":18},"end":{"line":10,"column":26}}],"line":10},"4":{"loc":{"start":{"line":29,"column":8},"end":{"line":31,"column":null}},"type":"if","locations":[{"start":{"line":29,"column":8},"end":{"line":31,"column":null}},{"start":{},"end":{}}],"line":29}},"s":{"0":1,"1":1,"2":0,"3":0,"4":1,"5":1,"6":1,"7":1,"8":1,"9":0,"10":1,"11":1,"12":1,"13":0},"f":{"0":1,"1":1},"b":{"0":[1,1],"1":[1,0],"2":[0,1],"3":[1,1],"4":[1,0]},"meta":{"lastBranch":5,"lastFunction":2,"lastStatement":14,"seen":{"f:7:22:7:42":0,"s:8:18:8:Infinity":0,"b:8:18:8:56:8:56:8:Infinity":0,"b:8:78:8:111:8:111:8:113":1,"b:10:4:13:Infinity:undefined:undefined:undefined:undefined":2,"s:10:4:13:Infinity":1,"b:10:8:10:18:10:18:10:26":3,"s:11:8:11:Infinity":2,"s:12:8:12:Infinity":3,"s:15:16:15:Infinity":4,"s:17:4:34:Infinity":5,"s:18:25:27:Infinity":6,"b:29:8:31:Infinity:undefined:undefined:undefined:undefined":4,"s:29:8:31:Infinity":7,"s:30:12:30:Infinity":8,"s:33:8:33:Infinity":9,"f:37:9:37:31":1,"s:38:4:43:Infinity":10,"s:39:23:39:Infinity":11,"s:40:8:40:Infinity":12,"s:42:8:42:Infinity":13}}}
,"/Users/avery/test2/src/tools/gcp.ts": {"path":"/Users/avery/test2/src/tools/gcp.ts","statementMap":{"0":{"start":{"line":6,"column":0},"end":{"line":6,"column":null}},"1":{"start":{"line":8,"column":21},"end":{"line":8,"column":null}},"2":{"start":{"line":9,"column":16},"end":{"line":9,"column":null}},"3":{"start":{"line":11,"column":18},"end":{"line":11,"column":null}},"4":{"start":{"line":17,"column":4},"end":{"line":17,"column":null}},"5":{"start":{"line":17,"column":20},"end":{"line":17,"column":null}},"6":{"start":{"line":19,"column":4},"end":{"line":29,"column":null}},"7":{"start":{"line":20,"column":26},"end":{"line":22,"column":null}},"8":{"start":{"line":24,"column":24},"end":{"line":24,"column":null}},"9":{"start":{"line":25,"column":8},"end":{"line":25,"column":null}},"10":{"start":{"line":27,"column":8},"end":{"line":27,"column":null}},"11":{"start":{"line":28,"column":8},"end":{"line":28,"column":null}},"12":{"start":{"line":37,"column":4},"end":{"line":56,"column":null}},"13":{"start":{"line":38,"column":27},"end":{"line":38,"column":null}},"14":{"start":{"line":39,"column":23},"end":{"line":39,"column":null}},"15":{"start":{"line":40,"column":21},"end":{"line":40,"column":null}},"16":{"start":{"line":42,"column":8},"end":{"line":42,"column":null}},"17":{"start":{"line":44,"column":28},"end":{"line":44,"column":null}},"18":{"start":{"line":46,"column":8},"end":{"line":49,"column":null}},"19":{"start":{"line":51,"column":26},"end":{"line":51,"column":null}},"20":{"start":{"line":52,"column":8},"end":{"line":52,"column":null}},"21":{"start":{"line":54,"column":8},"end":{"line":54,"column":null}},"22":{"start":{"line":55,"column":8},"end":{"line":55,"column":null}}},"fnMap":{"0":{"name":"getSecret","decl":{"start":{"line":16,"column":22},"end":{"line":16,"column":32}},"loc":{"start":{"line":16,"column":75},"end":{"line":30,"column":null}},"line":16},"1":{"name":"uploadScreenshot","decl":{"start":{"line":36,"column":22},"end":{"line":36,"column":39}},"loc":{"start":{"line":36,"column":99},"end":{"line":57,"column":null}},"line":36}},"branchMap":{"0":{"loc":{"start":{"line":17,"column":4},"end":{"line":17,"column":null}},"type":"if","locations":[{"start":{"line":17,"column":4},"end":{"line":17,"column":null}},{"start":{},"end":{}}],"line":17},"1":{"loc":{"start":{"line":38,"column":27},"end":{"line":38,"column":null}},"type":"binary-expr","locations":[{"start":{"line":38,"column":27},"end":{"line":38,"column":53}},{"start":{"line":38,"column":53},"end":{"line":38,"column":null}}],"line":38},"2":{"loc":{"start":{"line":44,"column":28},"end":{"line":44,"column":null}},"type":"cond-expr","locations":[{"start":{"line":44,"column":57},"end":{"line":44,"column":89}},{"start":{"line":44,"column":89},"end":{"line":44,"column":null}}],"line":44}},"s":{"0":1,"1":1,"2":1,"3":1,"4":0,"5":0,"6":0,"7":0,"8":0,"9":0,"10":0,"11":0,"12":0,"13":0,"14":0,"15":0,"16":0,"17":0,"18":0,"19":0,"20":0,"21":0,"22":0},"f":{"0":0,"1":0},"b":{"0":[0,0],"1":[0,0],"2":[0,0]},"meta":{"lastBranch":3,"lastFunction":2,"lastStatement":23,"seen":{"s:6:0:6:Infinity":0,"s:8:21:8:Infinity":1,"s:9:16:9:Infinity":2,"s:11:18:11:Infinity":3,"f:16:22:16:32":0,"b:17:4:17:Infinity:undefined:undefined:undefined:undefined":0,"s:17:4:17:Infinity":4,"s:17:20:17:Infinity":5,"s:19:4:29:Infinity":6,"s:20:26:22:Infinity":7,"s:24:24:24:Infinity":8,"s:25:8:25:Infinity":9,"s:27:8:27:Infinity":10,"s:28:8:28:Infinity":11,"f:36:22:36:39":1,"s:37:4:56:Infinity":12,"s:38:27:38:Infinity":13,"b:38:27:38:53:38:53:38:Infinity":1,"s:39:23:39:Infinity":14,"s:40:21:40:Infinity":15,"s:42:8:42:Infinity":16,"s:44:28:44:Infinity":17,"b:44:57:44:89:44:89:44:Infinity":2,"s:46:8:49:Infinity":18,"s:51:26:51:Infinity":19,"s:52:8:52:Infinity":20,"s:54:8:54:Infinity":21,"s:55:8:55:Infinity":22}}}
,"/Users/avery/test2/src/tools/vertex-ai.ts": {"path":"/Users/avery/test2/src/tools/vertex-ai.ts","statementMap":{"0":{"start":{"line":31,"column":0},"end":{"line":31,"column":null}},"1":{"start":{"line":33,"column":18},"end":{"line":33,"column":null}},"2":{"start":{"line":34,"column":17},"end":{"line":34,"column":null}},"3":{"start":{"line":36,"column":0},"end":{"line":38,"column":null}},"4":{"start":{"line":37,"column":4},"end":{"line":37,"column":null}},"5":{"start":{"line":43,"column":24},"end":{"line":46,"column":null}},"6":{"start":{"line":54,"column":4},"end":{"line":56,"column":null}},"7":{"start":{"line":55,"column":8},"end":{"line":55,"column":null}},"8":{"start":{"line":58,"column":43},"end":{"line":72,"column":null}},"9":{"start":{"line":75,"column":4},"end":{"line":79,"column":null}},"10":{"start":{"line":76,"column":8},"end":{"line":78,"column":null}},"11":{"start":{"line":81,"column":4},"end":{"line":81,"column":null}},"12":{"start":{"line":88,"column":4},"end":{"line":88,"column":null}},"13":{"start":{"line":89,"column":18},"end":{"line":89,"column":null}},"14":{"start":{"line":90,"column":4},"end":{"line":90,"column":null}},"15":{"start":{"line":90,"column":34},"end":{"line":90,"column":147}},"16":{"start":{"line":90,"column":85},"end":{"line":90,"column":146}},"17":{"start":{"line":97,"column":4},"end":{"line":97,"column":null}},"18":{"start":{"line":98,"column":18},"end":{"line":101,"column":null}},"19":{"start":{"line":103,"column":19},"end":{"line":103,"column":null}},"20":{"start":{"line":103,"column":48},"end":{"line":103,"column":86}},"21":{"start":{"line":104,"column":17},"end":{"line":104,"column":null}},"22":{"start":{"line":106,"column":4},"end":{"line":111,"column":null}},"23":{"start":{"line":107,"column":8},"end":{"line":107,"column":null}},"24":{"start":{"line":109,"column":8},"end":{"line":109,"column":null}},"25":{"start":{"line":110,"column":8},"end":{"line":110,"column":null}},"26":{"start":{"line":118,"column":19},"end":{"line":118,"column":null}},"27":{"start":{"line":119,"column":24},"end":{"line":119,"column":null}},"28":{"start":{"line":121,"column":4},"end":{"line":137,"column":null}},"29":{"start":{"line":122,"column":8},"end":{"line":136,"column":null}},"30":{"start":{"line":123,"column":12},"end":{"line":123,"column":null}},"31":{"start":{"line":125,"column":12},"end":{"line":125,"column":null}},"32":{"start":{"line":126,"column":32},"end":{"line":126,"column":null}},"33":{"start":{"line":128,"column":12},"end":{"line":135,"column":null}},"34":{"start":{"line":129,"column":33},"end":{"line":129,"column":null}},"35":{"start":{"line":130,"column":16},"end":{"line":130,"column":null}},"36":{"start":{"line":131,"column":16},"end":{"line":131,"column":null}},"37":{"start":{"line":131,"column":45},"end":{"line":131,"column":74}},"38":{"start":{"line":133,"column":16},"end":{"line":133,"column":null}},"39":{"start":{"line":134,"column":16},"end":{"line":134,"column":null}},"40":{"start":{"line":138,"column":4},"end":{"line":138,"column":null}},"41":{"start":{"line":145,"column":4},"end":{"line":145,"column":null}},"42":{"start":{"line":153,"column":4},"end":{"line":155,"column":null}},"43":{"start":{"line":154,"column":8},"end":{"line":154,"column":null}},"44":{"start":{"line":157,"column":23},"end":{"line":160,"column":null}},"45":{"start":{"line":163,"column":19},"end":{"line":163,"column":null}},"46":{"start":{"line":164,"column":24},"end":{"line":164,"column":null}},"47":{"start":{"line":166,"column":4},"end":{"line":183,"column":null}},"48":{"start":{"line":167,"column":8},"end":{"line":182,"column":null}},"49":{"start":{"line":168,"column":27},"end":{"line":168,"column":null}},"50":{"start":{"line":169,"column":12},"end":{"line":169,"column":null}},"51":{"start":{"line":171,"column":12},"end":{"line":171,"column":null}},"52":{"start":{"line":172,"column":32},"end":{"line":172,"column":null}},"53":{"start":{"line":174,"column":12},"end":{"line":181,"column":null}},"54":{"start":{"line":176,"column":33},"end":{"line":176,"column":null}},"55":{"start":{"line":177,"column":16},"end":{"line":177,"column":null}},"56":{"start":{"line":178,"column":16},"end":{"line":178,"column":null}},"57":{"start":{"line":178,"column":45},"end":{"line":178,"column":74}},"58":{"start":{"line":180,"column":16},"end":{"line":180,"column":null}},"59":{"start":{"line":184,"column":4},"end":{"line":184,"column":null}}},"fnMap":{"0":{"name":"getGeminiModel","decl":{"start":{"line":53,"column":16},"end":{"line":53,"column":31}},"loc":{"start":{"line":53,"column":99},"end":{"line":82,"column":null}},"line":53},"1":{"name":"generateGeminiText","decl":{"start":{"line":87,"column":22},"end":{"line":87,"column":41}},"loc":{"start":{"line":87,"column":124},"end":{"line":91,"column":null}},"line":87},"2":{"name":"(anonymous_2)","decl":{"start":{"line":90,"column":28},"end":{"line":90,"column":34}},"loc":{"start":{"line":90,"column":34},"end":{"line":90,"column":147}},"line":90},"3":{"name":"(anonymous_3)","decl":{"start":{"line":90,"column":78},"end":{"line":90,"column":85}},"loc":{"start":{"line":90,"column":85},"end":{"line":90,"column":146}},"line":90},"4":{"name":"generateGeminiStructured","decl":{"start":{"line":96,"column":22},"end":{"line":96,"column":50}},"loc":{"start":{"line":96,"column":161},"end":{"line":112,"column":null}},"line":96},"5":{"name":"(anonymous_5)","decl":{"start":{"line":103,"column":42},"end":{"line":103,"column":48}},"loc":{"start":{"line":103,"column":48},"end":{"line":103,"column":86}},"line":103},"6":{"name":"retryOnRateLimit","decl":{"start":{"line":117,"column":22},"end":{"line":117,"column":42}},"loc":{"start":{"line":117,"column":76},"end":{"line":139,"column":null}},"line":117},"7":{"name":"(anonymous_7)","decl":{"start":{"line":131,"column":34},"end":{"line":131,"column":45}},"loc":{"start":{"line":131,"column":45},"end":{"line":131,"column":74}},"line":131},"8":{"name":"isVertexAIAvailable","decl":{"start":{"line":144,"column":16},"end":{"line":144,"column":47}},"loc":{"start":{"line":144,"column":47},"end":{"line":146,"column":null}},"line":144},"9":{"name":"getEmbedding","decl":{"start":{"line":152,"column":22},"end":{"line":152,"column":35}},"loc":{"start":{"line":152,"column":68},"end":{"line":185,"column":null}},"line":152},"10":{"name":"(anonymous_10)","decl":{"start":{"line":178,"column":34},"end":{"line":178,"column":45}},"loc":{"start":{"line":178,"column":45},"end":{"line":178,"column":74}},"line":178}},"branchMap":{"0":{"loc":{"start":{"line":34,"column":17},"end":{"line":34,"column":null}},"type":"binary-expr","locations":[{"start":{"line":34,"column":17},"end":{"line":34,"column":54}},{"start":{"line":34,"column":54},"end":{"line":34,"column":null}}],"line":34},"1":{"loc":{"start":{"line":36,"column":0},"end":{"line":38,"column":null}},"type":"if","locations":[{"start":{"line":36,"column":0},"end":{"line":38,"column":null}},{"start":{},"end":{}}],"line":36},"2":{"loc":{"start":{"line":43,"column":24},"end":{"line":46,"column":null}},"type":"cond-expr","locations":[{"start":{"line":43,"column":36},"end":{"line":46,"column":5}},{"start":{"line":46,"column":5},"end":{"line":46,"column":null}}],"line":43},"3":{"loc":{"start":{"line":53,"column":31},"end":{"line":53,"column":65}},"type":"default-arg","locations":[{"start":{"line":53,"column":58},"end":{"line":53,"column":65}}],"line":53},"4":{"loc":{"start":{"line":53,"column":65},"end":{"line":53,"column":99}},"type":"default-arg","locations":[{"start":{"line":53,"column":95},"end":{"line":53,"column":99}}],"line":53},"5":{"loc":{"start":{"line":54,"column":4},"end":{"line":56,"column":null}},"type":"if","locations":[{"start":{"line":54,"column":4},"end":{"line":56,"column":null}},{"start":{},"end":{}}],"line":54},"6":{"loc":{"start":{"line":67,"column":25},"end":{"line":67,"column":null}},"type":"binary-expr","locations":[{"start":{"line":67,"column":25},"end":{"line":67,"column":48}},{"start":{"line":67,"column":48},"end":{"line":67,"column":null}}],"line":67},"7":{"loc":{"start":{"line":68,"column":29},"end":{"line":68,"column":null}},"type":"binary-expr","locations":[{"start":{"line":68,"column":29},"end":{"line":68,"column":56}},{"start":{"line":68,"column":56},"end":{"line":68,"column":null}}],"line":68},"8":{"loc":{"start":{"line":75,"column":4},"end":{"line":79,"column":null}},"type":"if","locations":[{"start":{"line":75,"column":4},"end":{"line":79,"column":null}},{"start":{},"end":{}}],"line":75},"9":{"loc":{"start":{"line":87,"column":73},"end":{"line":87,"column":124}},"type":"default-arg","locations":[{"start":{"line":87,"column":100},"end":{"line":87,"column":124}}],"line":87},"10":{"loc":{"start":{"line":90,"column":85},"end":{"line":90,"column":146}},"type":"binary-expr","locations":[{"start":{"line":90,"column":85},"end":{"line":90,"column":144}},{"start":{"line":90,"column":144},"end":{"line":90,"column":146}}],"line":90},"11":{"loc":{"start":{"line":96,"column":115},"end":{"line":96,"column":161}},"type":"default-arg","locations":[{"start":{"line":96,"column":142},"end":{"line":96,"column":161}}],"line":96},"12":{"loc":{"start":{"line":104,"column":17},"end":{"line":104,"column":null}},"type":"binary-expr","locations":[{"start":{"line":104,"column":17},"end":{"line":104,"column":79}},{"start":{"line":104,"column":79},"end":{"line":104,"column":null}}],"line":104},"13":{"loc":{"start":{"line":126,"column":32},"end":{"line":126,"column":null}},"type":"binary-expr","locations":[{"start":{"line":126,"column":32},"end":{"line":126,"column":66}},{"start":{"line":126,"column":66},"end":{"line":126,"column":88}},{"start":{"line":126,"column":88},"end":{"line":126,"column":null}}],"line":126},"14":{"loc":{"start":{"line":128,"column":12},"end":{"line":135,"column":null}},"type":"if","locations":[{"start":{"line":128,"column":12},"end":{"line":135,"column":null}},{"start":{"line":132,"column":19},"end":{"line":135,"column":null}}],"line":128},"15":{"loc":{"start":{"line":128,"column":16},"end":{"line":128,"column":55}},"type":"binary-expr","locations":[{"start":{"line":128,"column":16},"end":{"line":128,"column":31}},{"start":{"line":128,"column":31},"end":{"line":128,"column":55}}],"line":128},"16":{"loc":{"start":{"line":153,"column":4},"end":{"line":155,"column":null}},"type":"if","locations":[{"start":{"line":153,"column":4},"end":{"line":155,"column":null}},{"start":{},"end":{}}],"line":153},"17":{"loc":{"start":{"line":172,"column":32},"end":{"line":172,"column":null}},"type":"binary-expr","locations":[{"start":{"line":172,"column":32},"end":{"line":172,"column":66}},{"start":{"line":172,"column":66},"end":{"line":172,"column":88}},{"start":{"line":172,"column":88},"end":{"line":172,"column":null}}],"line":172},"18":{"loc":{"start":{"line":174,"column":12},"end":{"line":181,"column":null}},"type":"if","locations":[{"start":{"line":174,"column":12},"end":{"line":181,"column":null}},{"start":{"line":179,"column":19},"end":{"line":181,"column":null}}],"line":174},"19":{"loc":{"start":{"line":174,"column":16},"end":{"line":174,"column":55}},"type":"binary-expr","locations":[{"start":{"line":174,"column":16},"end":{"line":174,"column":31}},{"start":{"line":174,"column":31},"end":{"line":174,"column":55}}],"line":174}},"s":{"0":1,"1":1,"2":1,"3":1,"4":0,"5":1,"6":3,"7":0,"8":3,"9":3,"10":0,"11":3,"12":3,"13":3,"14":3,"15":3,"16":3,"17":0,"18":0,"19":0,"20":0,"21":0,"22":0,"23":0,"24":0,"25":0,"26":3,"27":3,"28":3,"29":3,"30":3,"31":0,"32":0,"33":0,"34":0,"35":0,"36":0,"37":0,"38":0,"39":0,"40":0,"41":0,"42":0,"43":0,"44":0,"45":0,"46":0,"47":0,"48":0,"49":0,"50":0,"51":0,"52":0,"53":0,"54":0,"55":0,"56":0,"57":0,"58":0,"59":0},"f":{"0":3,"1":3,"2":3,"3":3,"4":0,"5":0,"6":3,"7":0,"8":0,"9":0,"10":0},"b":{"0":[1,1],"1":[0,1],"2":[1,0],"3":[3],"4":[3],"5":[0,3],"6":[3,3],"7":[3,3],"8":[0,3],"9":[3],"10":[3,0],"11":[0],"12":[0,0],"13":[0,0,0],"14":[0,0],"15":[0,0],"16":[0,0],"17":[0,0,0],"18":[0,0],"19":[0,0]},"meta":{"lastBranch":20,"lastFunction":11,"lastStatement":60,"seen":{"s:31:0:31:Infinity":0,"s:33:18:33:Infinity":1,"s:34:17:34:Infinity":2,"b:34:17:34:54:34:54:34:Infinity":0,"b:36:0:38:Infinity:undefined:undefined:undefined:undefined":1,"s:36:0:38:Infinity":3,"s:37:4:37:Infinity":4,"s:43:24:46:Infinity":5,"b:43:36:46:5:46:5:46:Infinity":2,"f:53:16:53:31":0,"b:53:58:53:65":3,"b:53:95:53:99":4,"b:54:4:56:Infinity:undefined:undefined:undefined:undefined":5,"s:54:4:56:Infinity":6,"s:55:8:55:Infinity":7,"s:58:43:72:Infinity":8,"b:67:25:67:48:67:48:67:Infinity":6,"b:68:29:68:56:68:56:68:Infinity":7,"b:75:4:79:Infinity:undefined:undefined:undefined:undefined":8,"s:75:4:79:Infinity":9,"s:76:8:78:Infinity":10,"s:81:4:81:Infinity":11,"f:87:22:87:41":1,"b:87:100:87:124":9,"s:88:4:88:Infinity":12,"s:89:18:89:Infinity":13,"s:90:4:90:Infinity":14,"f:90:28:90:34":2,"s:90:34:90:147":15,"f:90:78:90:85":3,"s:90:85:90:146":16,"b:90:85:90:144:90:144:90:146":10,"f:96:22:96:50":4,"b:96:142:96:161":11,"s:97:4:97:Infinity":17,"s:98:18:101:Infinity":18,"s:103:19:103:Infinity":19,"f:103:42:103:48":5,"s:103:48:103:86":20,"s:104:17:104:Infinity":21,"b:104:17:104:79:104:79:104:Infinity":12,"s:106:4:111:Infinity":22,"s:107:8:107:Infinity":23,"s:109:8:109:Infinity":24,"s:110:8:110:Infinity":25,"f:117:22:117:42":6,"s:118:19:118:Infinity":26,"s:119:24:119:Infinity":27,"s:121:4:137:Infinity":28,"s:122:8:136:Infinity":29,"s:123:12:123:Infinity":30,"s:125:12:125:Infinity":31,"s:126:32:126:Infinity":32,"b:126:32:126:66:126:66:126:88:126:88:126:Infinity":13,"b:128:12:135:Infinity:132:19:135:Infinity":14,"s:128:12:135:Infinity":33,"b:128:16:128:31:128:31:128:55":15,"s:129:33:129:Infinity":34,"s:130:16:130:Infinity":35,"s:131:16:131:Infinity":36,"f:131:34:131:45":7,"s:131:45:131:74":37,"s:133:16:133:Infinity":38,"s:134:16:134:Infinity":39,"s:138:4:138:Infinity":40,"f:144:16:144:47":8,"s:145:4:145:Infinity":41,"f:152:22:152:35":9,"b:153:4:155:Infinity:undefined:undefined:undefined:undefined":16,"s:153:4:155:Infinity":42,"s:154:8:154:Infinity":43,"s:157:23:160:Infinity":44,"s:163:19:163:Infinity":45,"s:164:24:164:Infinity":46,"s:166:4:183:Infinity":47,"s:167:8:182:Infinity":48,"s:168:27:168:Infinity":49,"s:169:12:169:Infinity":50,"s:171:12:171:Infinity":51,"s:172:32:172:Infinity":52,"b:172:32:172:66:172:66:172:88:172:88:172:Infinity":17,"b:174:12:181:Infinity:179:19:181:Infinity":18,"s:174:12:181:Infinity":53,"b:174:16:174:31:174:31:174:55":19,"s:176:33:176:Infinity":54,"s:177:16:177:Infinity":55,"s:178:16:178:Infinity":56,"f:178:34:178:45":10,"s:178:45:178:74":57,"s:180:16:180:Infinity":58,"s:184:4:184:Infinity":59}}}
,"/Users/avery/test2/src/tools/vision.ts": {"path":"/Users/avery/test2/src/tools/vision.ts","statementMap":{"0":{"start":{"line":9,"column":4},"end":{"line":9,"column":null}},"1":{"start":{"line":12,"column":20},"end":{"line":20,"column":null}},"2":{"start":{"line":22,"column":4},"end":{"line":50,"column":null}},"3":{"start":{"line":23,"column":21},"end":{"line":23,"column":null}},"4":{"start":{"line":26,"column":8},"end":{"line":26,"column":null}},"5":{"start":{"line":29,"column":8},"end":{"line":32,"column":null}},"6":{"start":{"line":35,"column":8},"end":{"line":35,"column":null}},"7":{"start":{"line":35,"column":31},"end":{"line":35,"column":50}},"8":{"start":{"line":38,"column":27},"end":{"line":42,"column":null}},"9":{"start":{"line":44,"column":8},"end":{"line":44,"column":null}},"10":{"start":{"line":46,"column":8},"end":{"line":46,"column":null}},"11":{"start":{"line":47,"column":8},"end":{"line":47,"column":null}},"12":{"start":{"line":49,"column":8},"end":{"line":49,"column":null}},"13":{"start":{"line":57,"column":4},"end":{"line":57,"column":null}},"14":{"start":{"line":59,"column":10},"end":{"line":59,"column":null}},"15":{"start":{"line":61,"column":19},"end":{"line":61,"column":null}},"16":{"start":{"line":81,"column":19},"end":{"line":94,"column":null}},"17":{"start":{"line":81,"column":48},"end":{"line":94,"column":6}},"18":{"start":{"line":96,"column":17},"end":{"line":96,"column":null}},"19":{"start":{"line":99,"column":22},"end":{"line":99,"column":null}},"20":{"start":{"line":101,"column":4},"end":{"line":109,"column":null}},"21":{"start":{"line":102,"column":8},"end":{"line":102,"column":null}},"22":{"start":{"line":104,"column":8},"end":{"line":104,"column":null}},"23":{"start":{"line":105,"column":8},"end":{"line":108,"column":null}}},"fnMap":{"0":{"name":"captureScreenshot","decl":{"start":{"line":8,"column":22},"end":{"line":8,"column":40}},"loc":{"start":{"line":8,"column":70},"end":{"line":51,"column":null}},"line":8},"1":{"name":"(anonymous_1)","decl":{"start":{"line":35,"column":26},"end":{"line":35,"column":31}},"loc":{"start":{"line":35,"column":31},"end":{"line":35,"column":50}},"line":35},"2":{"name":"analyzeWebsiteVibe","decl":{"start":{"line":56,"column":22},"end":{"line":56,"column":41}},"loc":{"start":{"line":56,"column":81},"end":{"line":110,"column":null}},"line":56},"3":{"name":"(anonymous_3)","decl":{"start":{"line":81,"column":42},"end":{"line":81,"column":48}},"loc":{"start":{"line":81,"column":48},"end":{"line":94,"column":6}},"line":81}},"branchMap":{"0":{"loc":{"start":{"line":96,"column":17},"end":{"line":96,"column":null}},"type":"binary-expr","locations":[{"start":{"line":96,"column":17},"end":{"line":96,"column":79}},{"start":{"line":96,"column":79},"end":{"line":96,"column":null}}],"line":96}},"s":{"0":0,"1":0,"2":0,"3":0,"4":0,"5":0,"6":0,"7":0,"8":0,"9":0,"10":0,"11":0,"12":0,"13":0,"14":0,"15":0,"16":0,"17":0,"18":0,"19":0,"20":0,"21":0,"22":0,"23":0},"f":{"0":0,"1":0,"2":0,"3":0},"b":{"0":[0,0]},"meta":{"lastBranch":1,"lastFunction":4,"lastStatement":24,"seen":{"f:8:22:8:40":0,"s:9:4:9:Infinity":0,"s:12:20:20:Infinity":1,"s:22:4:50:Infinity":2,"s:23:21:23:Infinity":3,"s:26:8:26:Infinity":4,"s:29:8:32:Infinity":5,"s:35:8:35:Infinity":6,"f:35:26:35:31":1,"s:35:31:35:50":7,"s:38:27:42:Infinity":8,"s:44:8:44:Infinity":9,"s:46:8:46:Infinity":10,"s:47:8:47:Infinity":11,"s:49:8:49:Infinity":12,"f:56:22:56:41":2,"s:57:4:57:Infinity":13,"s:59:10:59:Infinity":14,"s:61:19:61:Infinity":15,"s:81:19:94:Infinity":16,"f:81:42:81:48":3,"s:81:48:94:6":17,"s:96:17:96:Infinity":18,"b:96:17:96:79:96:79:96:Infinity":0,"s:99:22:99:Infinity":19,"s:101:4:109:Infinity":20,"s:102:8:102:Infinity":21,"s:104:8:104:Infinity":22,"s:105:8:108:Infinity":23}}}
}
